{"numTotalTestSuites":266,"numPassedTestSuites":258,"numFailedTestSuites":8,"numPendingTestSuites":0,"numTotalTests":762,"numPassedTests":749,"numFailedTests":13,"numPendingTests":0,"numTodoTests":0,"snapshot":{"added":0,"failure":false,"filesAdded":0,"filesRemoved":0,"filesRemovedList":[],"filesUnmatched":0,"filesUpdated":0,"matched":0,"total":0,"unchecked":0,"uncheckedKeysByFile":[],"unmatched":0,"updated":0,"didUpdate":false},"startTime":1776494317439,"success":false,"testResults":[{"assertionResults":[{"ancestorTitles":["governance control plane api"],"fullName":"governance control plane api builds governance work item page query parameters correctly","status":"passed","title":"builds governance work item page query parameters correctly","duration":4.897600000000011,"failureMessages":[],"meta":{}},{"ancestorTitles":["governance control plane api"],"fullName":"governance control plane api builds governance ops alert page query parameters correctly","status":"passed","title":"builds governance ops alert page query parameters correctly","duration":0.9782999999999902,"failureMessages":[],"meta":{}},{"ancestorTitles":["governance control plane api"],"fullName":"governance control plane api posts governance work item transitions to dedicated endpoints","status":"passed","title":"posts governance work item transitions to dedicated endpoints","duration":0.9547000000000025,"failureMessages":[],"meta":{}},{"ancestorTitles":["governance control plane api"],"fullName":"governance control plane api posts governance ops transitions to dedicated endpoints","status":"passed","title":"posts governance ops transitions to dedicated endpoints","duration":0.46069999999986067,"failureMessages":[],"meta":{}}],"startTime":1776494340924,"endTime":1776494340931.4607,"status":"passed","message":"","name":"E:/idea/ghatg/spring-boot-iot/spring-boot-iot-ui/src/__tests__/api/governanceControlPlane.test.ts"},{"assertionResults":[{"ancestorTitles":["inAppMessage bridge api"],"fullName":"inAppMessage bridge api builds bridge stats query parameters correctly","status":"passed","title":"builds bridge stats query parameters correctly","duration":5.616700000000037,"failureMessages":[],"meta":{}},{"ancestorTitles":["inAppMessage bridge api"],"fullName":"inAppMessage bridge api builds bridge page query parameters correctly","status":"passed","title":"builds bridge page query parameters correctly","duration":1.1820000000000164,"failureMessages":[],"meta":{}},{"ancestorTitles":["inAppMessage bridge api"],"fullName":"inAppMessage bridge api requests attempt details by bridge log id","status":"passed","title":"requests attempt details by bridge log id","duration":3.4249999999999545,"failureMessages":[],"meta":{}},{"ancestorTitles":["inAppMessage bridge api"],"fullName":"inAppMessage bridge api passes abort signal when requesting unread stats","status":"passed","title":"passes abort signal when requesting unread stats","duration":1.5528999999999087,"failureMessages":[],"meta":{}}],"startTime":1776494340828,"endTime":1776494340839.553,"status":"passed","message":"","name":"E:/idea/ghatg/spring-boot-iot/spring-boot-iot-ui/src/__tests__/api/inAppMessage.test.ts"},{"assertionResults":[{"ancestorTitles":["errorResponseInterceptor"],"fullName":"errorResponseInterceptor surfaces raw 500 business messages instead of collapsing them to the generic busy copy","status":"passed","title":"surfaces raw 500 business messages instead of collapsing them to the generic busy copy","duration":2.7820999999999003,"failureMessages":[],"meta":{}},{"ancestorTitles":["errorResponseInterceptor"],"fullName":"errorResponseInterceptor keeps the generic busy copy for true system-level 500 errors","status":"passed","title":"keeps the generic busy copy for true system-level 500 errors","duration":3.4726000000000568,"failureMessages":[],"meta":{}}],"startTime":1776494346054,"endTime":1776494346060.4727,"status":"passed","message":"","name":"E:/idea/ghatg/spring-boot-iot/spring-boot-iot-ui/src/__tests__/api/interceptors.test.ts"},{"assertionResults":[{"ancestorTitles":["request error message normalization"],"fullName":"request error message normalization prefers raw business messages for 500 request errors when provided","status":"passed","title":"prefers raw business messages for 500 request errors when provided","duration":2.6091999999998734,"failureMessages":[],"meta":{}},{"ancestorTitles":["request error message normalization"],"fullName":"request error message normalization falls back to the page-specific message when the error is not an Error instance","status":"passed","title":"falls back to the page-specific message when the error is not an Error instance","duration":0.47519999999985885,"failureMessages":[],"meta":{}},{"ancestorTitles":["request error message normalization"],"fullName":"request error message normalization keeps the shared system busy copy for generic 500 request errors","status":"passed","title":"keeps the shared system busy copy for generic 500 request errors","duration":0.322400000000016,"failureMessages":[],"meta":{}}],"startTime":1776494348158,"endTime":1776494348161.475,"status":"passed","message":"","name":"E:/idea/ghatg/spring-boot-iot/spring-boot-iot-ui/src/__tests__/api/request.test.ts"},{"assertionResults":[{"ancestorTitles":["AccessErrorArchivePanel"],"fullName":"AccessErrorArchivePanel offers governance jump actions from failure detail","status":"passed","title":"offers governance jump actions from failure detail","duration":300.3949999999968,"failureMessages":[],"meta":{}},{"ancestorTitles":["AccessErrorArchivePanel"],"fullName":"AccessErrorArchivePanel renders the failure detail as vertical ledgers without repeated helper copy","status":"passed","title":"renders the failure detail as vertical ledgers without repeated helper copy","duration":53.918000000001484,"failureMessages":[],"meta":{}},{"ancestorTitles":["AccessErrorArchivePanel"],"fullName":"AccessErrorArchivePanel renders the archive workbench without the legacy eyebrow tier or top-right cross-page jump","status":"passed","title":"renders the archive workbench without the legacy eyebrow tier or top-right cross-page jump","duration":37.47070000000167,"failureMessages":[],"meta":{}},{"ancestorTitles":["AccessErrorArchivePanel"],"fullName":"AccessErrorArchivePanel marks the archive action column with the shared row-action class to keep the last action from being ellipsized","status":"passed","title":"marks the archive action column with the shared row-action class to keep the last action from being ellipsized","duration":34.42789999999877,"failureMessages":[],"meta":{}},{"ancestorTitles":["AccessErrorArchivePanel"],"fullName":"AccessErrorArchivePanel keeps observe as a direct archive action and removes the legacy more menu","status":"passed","title":"keeps observe as a direct archive action and removes the legacy more menu","duration":32.373899999998685,"failureMessages":[],"meta":{}},{"ancestorTitles":["AccessErrorArchivePanel"],"fullName":"AccessErrorArchivePanel uses shared list surface without the legacy archive more menu","status":"passed","title":"uses shared list surface without the legacy archive more menu","duration":0.7269999999989523,"failureMessages":[],"meta":{}}],"startTime":1776494335053,"endTime":1776494335512.727,"status":"passed","message":"","name":"E:/idea/ghatg/spring-boot-iot/spring-boot-iot-ui/src/__tests__/components/AccessErrorArchivePanel.test.ts"},{"assertionResults":[{"ancestorTitles":["AlarmDetailDrawer"],"fullName":"AlarmDetailDrawer keeps the drawer heading in Chinese without the legacy English eyebrow tier","status":"passed","title":"keeps the drawer heading in Chinese without the legacy English eyebrow tier","duration":58.93189999999959,"failureMessages":[],"meta":{}},{"ancestorTitles":["AlarmDetailDrawer"],"fullName":"AlarmDetailDrawer avoids repeating the same status fields across the hero and context sections","status":"passed","title":"avoids repeating the same status fields across the hero and context sections","duration":11.167000000000371,"failureMessages":[],"meta":{}}],"startTime":1776494348540,"endTime":1776494348610.167,"status":"passed","message":"","name":"E:/idea/ghatg/spring-boot-iot/spring-boot-iot-ui/src/__tests__/components/AlarmDetailDrawer.test.ts"},{"assertionResults":[{"ancestorTitles":["AppHeaderTools"],"fullName":"AppHeaderTools renders account and role info","status":"passed","title":"renders account and role info","duration":41.95229999999992,"failureMessages":[],"meta":{}},{"ancestorTitles":["AppHeaderTools"],"fullName":"AppHeaderTools shows unread badge when unreadNoticeCount > 0","status":"passed","title":"shows unread badge when unreadNoticeCount > 0","duration":7.824200000000019,"failureMessages":[],"meta":{}},{"ancestorTitles":["AppHeaderTools"],"fullName":"AppHeaderTools emits toggle events on button click","status":"passed","title":"emits toggle events on button click","duration":14.843400000000202,"failureMessages":[],"meta":{}},{"ancestorTitles":["AppHeaderTools"],"fullName":"AppHeaderTools opens account panel and emits account actions","status":"passed","title":"opens account panel and emits account actions","duration":29.73010000000022,"failureMessages":[],"meta":{}}],"startTime":1776494341018,"endTime":1776494341112.73,"status":"passed","message":"","name":"E:/idea/ghatg/spring-boot-iot/spring-boot-iot-ui/src/__tests__/components/AppHeaderTools.test.ts"},{"assertionResults":[{"ancestorTitles":["AuditLogDetailDrawer"],"fullName":"AuditLogDetailDrawer renders reverse diagnostic actions in system-error mode","status":"passed","title":"renders reverse diagnostic actions in system-error mode","duration":109.11149999999998,"failureMessages":[],"meta":{}},{"ancestorTitles":["AuditLogDetailDrawer"],"fullName":"AuditLogDetailDrawer keeps operation timing fields in the ledger once without the legacy explanatory sections","status":"passed","title":"keeps operation timing fields in the ledger once without the legacy explanatory sections","duration":11.847600000000057,"failureMessages":[],"meta":{}}],"startTime":1776494343091,"endTime":1776494343212.8477,"status":"passed","message":"","name":"E:/idea/ghatg/spring-boot-iot/spring-boot-iot-ui/src/__tests__/components/AuditLogDetailDrawer.test.ts"},{"assertionResults":[{"ancestorTitles":["automation panel eyebrow cleanup"],"fullName":"automation panel eyebrow cleanup keeps execution config and suggestion panels on title/description only","status":"passed","title":"keeps execution config and suggestion panels on title/description only","duration":75.67119999999977,"failureMessages":[],"meta":{}},{"ancestorTitles":["automation panel eyebrow cleanup"],"fullName":"automation panel eyebrow cleanup keeps page discovery and property trend panels without the legacy English eyebrow tier","status":"passed","title":"keeps page discovery and property trend panels without the legacy English eyebrow tier","duration":24.63500000000022,"failureMessages":[],"meta":{}}],"startTime":1776494345633,"endTime":1776494345733.635,"status":"passed","message":"","name":"E:/idea/ghatg/spring-boot-iot/spring-boot-iot-ui/src/__tests__/components/AutomationPanelEyebrowCleanup.test.ts"},{"assertionResults":[{"ancestorTitles":["AutomationRegistry panels"],"fullName":"AutomationRegistry panels renders runner type, blocking level, and doc ref for each scenario","status":"passed","title":"renders runner type, blocking level, and doc ref for each scenario","duration":50.60179999999946,"failureMessages":[],"meta":{}},{"ancestorTitles":["AutomationRegistry panels"],"fullName":"AutomationRegistry panels renders imported run summary and failed scenario ids","status":"passed","title":"renders imported run summary and failed scenario ids","duration":13.948199999999815,"failureMessages":[],"meta":{}}],"startTime":1776494346420,"endTime":1776494346484.9482,"status":"passed","message":"","name":"E:/idea/ghatg/spring-boot-iot/spring-boot-iot-ui/src/__tests__/components/AutomationRegistryPanels.test.ts"},{"assertionResults":[{"ancestorTitles":["DeviceListDrawer"],"fullName":"DeviceListDrawer keeps the device list drawer in two-tier Chinese hierarchy without eyebrow text","status":"passed","title":"keeps the device list drawer in two-tier Chinese hierarchy without eyebrow text","duration":18.605799999999363,"failureMessages":[],"meta":{}}],"startTime":1776494349773,"endTime":1776494349791.6057,"status":"passed","message":"","name":"E:/idea/ghatg/spring-boot-iot/spring-boot-iot-ui/src/__tests__/components/DeviceListDrawer.test.ts"},{"assertionResults":[{"ancestorTitles":["drawer eyebrow cleanup"],"fullName":"drawer eyebrow cleanup keeps the batch import drawer in Chinese without the legacy English eyebrow tier","status":"passed","title":"keeps the batch import drawer in Chinese without the legacy English eyebrow tier","duration":66.06209999999919,"failureMessages":[],"meta":{}},{"ancestorTitles":["drawer eyebrow cleanup"],"fullName":"drawer eyebrow cleanup keeps the device replace drawer in a two-tier Chinese hierarchy without repeated eyebrow labels","status":"passed","title":"keeps the device replace drawer in a two-tier Chinese hierarchy without repeated eyebrow labels","duration":14.948700000000827,"failureMessages":[],"meta":{}},{"ancestorTitles":["drawer eyebrow cleanup"],"fullName":"drawer eyebrow cleanup does not show the old automatic refresh hint in the device replace drawer","status":"passed","title":"does not show the old automatic refresh hint in the device replace drawer","duration":18.344900000000052,"failureMessages":[],"meta":{}},{"ancestorTitles":["drawer eyebrow cleanup"],"fullName":"drawer eyebrow cleanup keeps automation utility drawers in Chinese without English eyebrow tiers","status":"passed","title":"keeps automation utility drawers in Chinese without English eyebrow tiers","duration":24.61199999999917,"failureMessages":[],"meta":{}},{"ancestorTitles":["drawer eyebrow cleanup"],"fullName":"drawer eyebrow cleanup keeps csv setting drawers on title and subtitle only without legacy English eyebrow tiers","status":"passed","title":"keeps csv setting drawers on title and subtitle only without legacy English eyebrow tiers","duration":25.11789999999928,"failureMessages":[],"meta":{}}],"startTime":1776494334982,"endTime":1776494335132.118,"status":"passed","message":"","name":"E:/idea/ghatg/spring-boot-iot/spring-boot-iot-ui/src/__tests__/components/DrawerEyebrowCleanup.test.ts"},{"assertionResults":[{"ancestorTitles":["EmptyState"],"fullName":"EmptyState renders with default props","status":"passed","title":"renders with default props","duration":62.24239999999918,"failureMessages":[],"meta":{}},{"ancestorTitles":["EmptyState"],"fullName":"EmptyState renders with custom title and description","status":"passed","title":"renders with custom title and description","duration":7.864599999999882,"failureMessages":[],"meta":{}},{"ancestorTitles":["EmptyState"],"fullName":"EmptyState renders action button when action is provided","status":"passed","title":"renders action button when action is provided","duration":23.9996000000001,"failureMessages":[],"meta":{}},{"ancestorTitles":["EmptyState"],"fullName":"EmptyState calls callback when action button is clicked","status":"passed","title":"calls callback when action button is clicked","duration":15.376400000000103,"failureMessages":[],"meta":{}}],"startTime":1776494346582,"endTime":1776494346692.3765,"status":"passed","message":"","name":"E:/idea/ghatg/spring-boot-iot/spring-boot-iot-ui/src/__tests__/components/EmptyState.test.ts"},{"assertionResults":[{"ancestorTitles":["EventDetailDrawer"],"fullName":"EventDetailDrawer keeps the drawer heading in Chinese without the legacy English eyebrow tier","status":"passed","title":"keeps the drawer heading in Chinese without the legacy English eyebrow tier","duration":62.59610000000066,"failureMessages":[],"meta":{}},{"ancestorTitles":["EventDetailDrawer"],"fullName":"EventDetailDrawer avoids repeating owner and status labels across the summary and context sections","status":"passed","title":"avoids repeating owner and status labels across the summary and context sections","duration":16.07009999999991,"failureMessages":[],"meta":{}}],"startTime":1776494346119,"endTime":1776494346198.07,"status":"passed","message":"","name":"E:/idea/ghatg/spring-boot-iot/spring-boot-iot-ui/src/__tests__/components/EventDetailDrawer.test.ts"},{"assertionResults":[{"ancestorTitles":["eyebrow contract guard"],"fullName":"eyebrow contract guard keeps eyebrow-capable shared components limited to the lowest-level shared shells","status":"passed","title":"keeps eyebrow-capable shared components limited to the lowest-level shared shells","duration":4.308899999999994,"failureMessages":[],"meta":{}}],"startTime":1776494348537,"endTime":1776494348541.3088,"status":"passed","message":"","name":"E:/idea/ghatg/spring-boot-iot/spring-boot-iot-ui/src/__tests__/components/EyebrowContractGuard.test.ts"},{"assertionResults":[{"ancestorTitles":["HeaderPopoverPanel"],"fullName":"HeaderPopoverPanel renders title and list items","status":"passed","title":"renders title and list items","duration":54.21050000000014,"failureMessages":[],"meta":{}},{"ancestorTitles":["HeaderPopoverPanel"],"fullName":"HeaderPopoverPanel emits select with item payload when item is clicked","status":"passed","title":"emits select with item payload when item is clicked","duration":15.595800000000054,"failureMessages":[],"meta":{}},{"ancestorTitles":["HeaderPopoverPanel"],"fullName":"HeaderPopoverPanel emits footer action when footer button is clicked","status":"passed","title":"emits footer action when footer button is clicked","duration":13.00440000000026,"failureMessages":[],"meta":{}}],"startTime":1776494342316,"endTime":1776494342399.0044,"status":"passed","message":"","name":"E:/idea/ghatg/spring-boot-iot/spring-boot-iot-ui/src/__tests__/components/HeaderPopoverPanel.test.ts"},{"assertionResults":[{"ancestorTitles":["InAppMessageView bridge operations"],"fullName":"InAppMessageView bridge operations keeps the bridge operations section expanded by default and renders pending retry state","status":"passed","title":"keeps the bridge operations section expanded by default and renders pending retry state","duration":478.53289999999834,"failureMessages":[],"meta":{}},{"ancestorTitles":["InAppMessageView bridge operations"],"fullName":"InAppMessageView bridge operations loads dict-backed channel type labels for bridge insights","status":"passed","title":"loads dict-backed channel type labels for bridge insights","duration":131.0652999999984,"failureMessages":[],"meta":{}},{"ancestorTitles":["InAppMessageView bridge operations"],"fullName":"InAppMessageView bridge operations removes the legacy English eyebrow tier from the message governance workbench and drawers","status":"passed","title":"removes the legacy English eyebrow tier from the message governance workbench and drawers","duration":92.98860000000059,"failureMessages":[],"meta":{}},{"ancestorTitles":["InAppMessageView bridge operations"],"fullName":"InAppMessageView bridge operations refreshes bridge stats and page together after changing filters","status":"passed","title":"refreshes bridge stats and page together after changing filters","duration":120.2029999999977,"failureMessages":[],"meta":{}},{"ancestorTitles":["InAppMessageView bridge operations"],"fullName":"InAppMessageView bridge operations loads message original content and attempt details when opening bridge detail","status":"passed","title":"loads message original content and attempt details when opening bridge detail","duration":99.07090000000244,"failureMessages":[],"meta":{}},{"ancestorTitles":["InAppMessageView bridge operations"],"fullName":"InAppMessageView bridge operations shows bridge failure state without affecting the governance section","status":"passed","title":"shows bridge failure state without affecting the governance section","duration":73.94520000000193,"failureMessages":[],"meta":{}}],"startTime":1776494335704,"endTime":1776494336699.9453,"status":"passed","message":"","name":"E:/idea/ghatg/spring-boot-iot/spring-boot-iot-ui/src/__tests__/components/InAppMessageView.test.ts"},{"assertionResults":[{"ancestorTitles":["MessageTraceDetailWorkbench"],"fullName":"MessageTraceDetailWorkbench renders separate chain and access overview sections as a vertical ledger stack with full-width cards for long fields","status":"passed","title":"renders separate chain and access overview sections as a vertical ledger stack with full-width cards for long fields","duration":62.81089999999949,"failureMessages":[],"meta":{}},{"ancestorTitles":["MessageTraceDetailWorkbench"],"fullName":"MessageTraceDetailWorkbench renders template execution evidence as labeled multiline notes instead of dense pipe-joined text","status":"passed","title":"renders template execution evidence as labeled multiline notes instead of dense pipe-joined text","duration":12.079999999999927,"failureMessages":[],"meta":{}},{"ancestorTitles":["MessageTraceDetailWorkbench"],"fullName":"MessageTraceDetailWorkbench renders timeline summary as status cards before the full timeline is expanded","status":"passed","title":"renders timeline summary as status cards before the full timeline is expanded","duration":13.447800000000825,"failureMessages":[],"meta":{}}],"startTime":1776494340490,"endTime":1776494340578.4478,"status":"passed","message":"","name":"E:/idea/ghatg/spring-boot-iot/spring-boot-iot-ui/src/__tests__/components/MessageTraceDetailWorkbench.test.ts"},{"assertionResults":[{"ancestorTitles":["MessageTracePayloadComparisonSection"],"fullName":"MessageTracePayloadComparisonSection renders payload panels as readable detail cards with status and description visible before expansion","status":"passed","title":"renders payload panels as readable detail cards with status and description visible before expansion","duration":54.6237000000001,"failureMessages":[],"meta":{}},{"ancestorTitles":["MessageTracePayloadComparisonSection"],"fullName":"MessageTracePayloadComparisonSection keeps code content collapsed by default and reveals it inside the same detail card after expansion","status":"passed","title":"keeps code content collapsed by default and reveals it inside the same detail card after expansion","duration":25.79489999999987,"failureMessages":[],"meta":{}}],"startTime":1776494343162,"endTime":1776494343242.795,"status":"passed","message":"","name":"E:/idea/ghatg/spring-boot-iot/spring-boot-iot-ui/src/__tests__/components/MessageTracePayloadComparisonSection.test.ts"},{"assertionResults":[{"ancestorTitles":["quality workshop row action spacing governance"],"fullName":"quality workshop row action spacing governance keeps automation discovery actions on shared table defaults without page-private gap overrides","status":"passed","title":"keeps automation discovery actions on shared table defaults without page-private gap overrides","duration":1.8090000000001965,"failureMessages":[],"meta":{}}],"startTime":1776494348976,"endTime":1776494348977.809,"status":"passed","message":"","name":"E:/idea/ghatg/spring-boot-iot/spring-boot-iot-ui/src/__tests__/components/QualityWorkshopRowActionSpacing.test.ts"},{"assertionResults":[{"ancestorTitles":["ReportWorkbenchView"],"fullName":"ReportWorkbenchView renders the reporting page inside the two-level access shell","status":"passed","title":"renders the reporting page inside the two-level access shell","duration":176.83740000000034,"failureMessages":[],"meta":{}},{"ancestorTitles":["ReportWorkbenchView"],"fullName":"ReportWorkbenchView keeps workspace chrome focused by removing decorative badges and reusing the shared recent filter switcher","status":"passed","title":"keeps workspace chrome focused by removing decorative badges and reusing the shared recent filter switcher","duration":63.001500000002125,"failureMessages":[],"meta":{}},{"ancestorTitles":["ReportWorkbenchView"],"fullName":"ReportWorkbenchView defaults to replay tab and renders the diagnosis header","status":"passed","title":"defaults to replay tab and renders the diagnosis header","duration":65.80559999999969,"failureMessages":[],"meta":{}},{"ancestorTitles":["ReportWorkbenchView"],"fullName":"ReportWorkbenchView keeps a neutral initial state and only shows validation feedback after submit","status":"passed","title":"keeps a neutral initial state and only shows validation feedback after submit","duration":54.52429999999731,"failureMessages":[],"meta":{}},{"ancestorTitles":["ReportWorkbenchView"],"fullName":"ReportWorkbenchView loads the device contract summary only after an explicit query","status":"passed","title":"loads the device contract summary only after an explicit query","duration":64.51090000000113,"failureMessages":[],"meta":{}},{"ancestorTitles":["ReportWorkbenchView"],"fullName":"ReportWorkbenchView switches transport and report mode while keeping the diagnostic summary in sync","status":"passed","title":"switches transport and report mode while keeping the diagnostic summary in sync","duration":75.27630000000136,"failureMessages":[],"meta":{}},{"ancestorTitles":["ReportWorkbenchView"],"fullName":"ReportWorkbenchView submits valid input and keeps response and actual payload preview aligned","status":"passed","title":"submits valid input and keeps response and actual payload preview aligned","duration":57.41139999999723,"failureMessages":[],"meta":{}},{"ancestorTitles":["ReportWorkbenchView"],"fullName":"ReportWorkbenchView shows the timeline immediately after a successful http report","status":"passed","title":"shows the timeline immediately after a successful http report","duration":43.82140000000072,"failureMessages":[],"meta":{}},{"ancestorTitles":["ReportWorkbenchView"],"fullName":"ReportWorkbenchView shows a Redis or TTL hint when http submit expects timeline but session lookup returns empty","status":"passed","title":"shows a Redis or TTL hint when http submit expects timeline but session lookup returns empty","duration":61.02480000000287,"failureMessages":[],"meta":{}},{"ancestorTitles":["ReportWorkbenchView"],"fullName":"ReportWorkbenchView polls the mqtt session until the trace is bound","status":"passed","title":"polls the mqtt session until the trace is bound","duration":1655.4467000000004,"failureMessages":[],"meta":{}},{"ancestorTitles":["ReportWorkbenchView"],"fullName":"ReportWorkbenchView shows correlation miss when mqtt pending session exceeds the match window","status":"passed","title":"shows correlation miss when mqtt pending session exceeds the match window","duration":47.902500000000146,"failureMessages":[],"meta":{}},{"ancestorTitles":["ReportWorkbenchView"],"fullName":"ReportWorkbenchView persists diagnostic context and surfaces trace-ready summary after successful send","status":"passed","title":"persists diagnostic context and surfaces trace-ready summary after successful send","duration":60.92159999999785,"failureMessages":[],"meta":{}},{"ancestorTitles":["ReportWorkbenchView"],"fullName":"ReportWorkbenchView forwards current diagnostic query when continuing to message trace","status":"passed","title":"forwards current diagnostic query when continuing to message trace","duration":51.84320000000298,"failureMessages":[],"meta":{}},{"ancestorTitles":["ReportWorkbenchView"],"fullName":"ReportWorkbenchView uses HTTP request method when jumping to system log from http diagnostic context","status":"passed","title":"uses HTTP request method when jumping to system log from http diagnostic context","duration":56.33220000000074,"failureMessages":[],"meta":{}},{"ancestorTitles":["ReportWorkbenchView"],"fullName":"ReportWorkbenchView restores recent session without device lookup and keeps trace-ready context for handoff and persistence","status":"passed","title":"restores recent session without device lookup and keeps trace-ready context for handoff and persistence","duration":51.27509999999893,"failureMessages":[],"meta":{}},{"ancestorTitles":["ReportWorkbenchView"],"fullName":"ReportWorkbenchView keeps restore baseline for mqtt pending when follow-up session is partial","status":"passed","title":"keeps restore baseline for mqtt pending when follow-up session is partial","duration":43.34360000000015,"failureMessages":[],"meta":{}}],"startTime":1776494335461,"endTime":1776494338090.3435,"status":"passed","message":"","name":"E:/idea/ghatg/spring-boot-iot/spring-boot-iot-ui/src/__tests__/components/ReportWorkbenchView.test.ts"},{"assertionResults":[{"ancestorTitles":["ResponsePanel"],"fullName":"ResponsePanel keeps the JSON response panel on title/description only without eyebrow passthrough","status":"passed","title":"keeps the JSON response panel on title/description only without eyebrow passthrough","duration":17.183600000000297,"failureMessages":[],"meta":{}}],"startTime":1776494349896,"endTime":1776494349913.1836,"status":"passed","message":"","name":"E:/idea/ghatg/spring-boot-iot/spring-boot-iot-ui/src/__tests__/components/ResponsePanel.test.ts"},{"assertionResults":[{"ancestorTitles":["RiskInsightTrendPanel"],"fullName":"RiskInsightTrendPanel uses the simplified trend layout without panel description or series chips","status":"passed","title":"uses the simplified trend layout without panel description or series chips","duration":63.82679999999891,"failureMessages":[],"meta":{}},{"ancestorTitles":["RiskInsightTrendPanel"],"fullName":"RiskInsightTrendPanel renders empty guidance when there are no grouped trend series","status":"passed","title":"renders empty guidance when there are no grouped trend series","duration":4.023800000002666,"failureMessages":[],"meta":{}},{"ancestorTitles":["RiskInsightTrendPanel"],"fullName":"RiskInsightTrendPanel renders measure and status groups with chinese titles only","status":"passed","title":"renders measure and status groups with chinese titles only","duration":6.8818000000028405,"failureMessages":[],"meta":{}},{"ancestorTitles":["RiskInsightTrendPanel"],"fullName":"RiskInsightTrendPanel renders status event codes as customer-readable step lines and keeps runtime parameters separate","status":"passed","title":"renders status event codes as customer-readable step lines and keeps runtime parameters separate","duration":7.104999999999563,"failureMessages":[],"meta":{}},{"ancestorTitles":["RiskInsightTrendPanel"],"fullName":"RiskInsightTrendPanel uses a dedicated missing sentinel for filled status-event buckets and removes fill-copy from tooltip","status":"passed","title":"uses a dedicated missing sentinel for filled status-event buckets and removes fill-copy from tooltip","duration":15.26469999999972,"failureMessages":[],"meta":{}},{"ancestorTitles":["RiskInsightTrendPanel"],"fullName":"RiskInsightTrendPanel treats status-event zero as normal instead of offline for sensor state series","status":"passed","title":"treats status-event zero as normal instead of offline for sensor state series","duration":7.098999999998341,"failureMessages":[],"meta":{}},{"ancestorTitles":["RiskInsightTrendPanel"],"fullName":"RiskInsightTrendPanel keeps filled zero as numeric zero for non-status series tooltip and adds more bottom spacing","status":"passed","title":"keeps filled zero as numeric zero for non-status series tooltip and adds more bottom spacing","duration":9.044599999997445,"failureMessages":[],"meta":{}},{"ancestorTitles":["RiskInsightTrendPanel"],"fullName":"RiskInsightTrendPanel keeps full legend labels and uses gentler axis spacing","status":"passed","title":"keeps full legend labels and uses gentler axis spacing","duration":5.116500000000087,"failureMessages":[],"meta":{}},{"ancestorTitles":["RiskInsightTrendPanel"],"fullName":"RiskInsightTrendPanel compresses status-event y-axis when only normal and abnormal states exist","status":"passed","title":"compresses status-event y-axis when only normal and abnormal states exist","duration":5.609499999998661,"failureMessages":[],"meta":{}},{"ancestorTitles":["RiskInsightTrendPanel"],"fullName":"RiskInsightTrendPanel hides trend summary cards and chart footer notes in the simplified insight layout","status":"passed","title":"hides trend summary cards and chart footer notes in the simplified insight layout","duration":4.008400000002439,"failureMessages":[],"meta":{}},{"ancestorTitles":["RiskInsightTrendPanel"],"fullName":"RiskInsightTrendPanel shows day week month year selectors inside the trend card and emits range changes","status":"passed","title":"shows day week month year selectors inside the trend card and emits range changes","duration":9.562099999999191,"failureMessages":[],"meta":{}},{"ancestorTitles":["RiskInsightTrendPanel"],"fullName":"RiskInsightTrendPanel compresses the one-day view to the active data window when edge buckets are only filled zeros","status":"passed","title":"compresses the one-day view to the active data window when edge buckets are only filled zeros","duration":5.863000000001193,"failureMessages":[],"meta":{}},{"ancestorTitles":["RiskInsightTrendPanel"],"fullName":"RiskInsightTrendPanel uses non-repeating colors across measure and status trend groups","status":"passed","title":"uses non-repeating colors across measure and status trend groups","duration":3.7449999999989814,"failureMessages":[],"meta":{}},{"ancestorTitles":["RiskInsightTrendPanel"],"fullName":"RiskInsightTrendPanel reduces y-axis density and adds visual buffer for small fluctuations","status":"passed","title":"reduces y-axis density and adds visual buffer for small fluctuations","duration":2.916900000000169,"failureMessages":[],"meta":{}},{"ancestorTitles":["RiskInsightTrendPanel"],"fullName":"RiskInsightTrendPanel renders binary status metrics as step lines while keeping continuous status metrics as normal lines","status":"passed","title":"renders binary status metrics as step lines while keeping continuous status metrics as normal lines","duration":4.380600000000413,"failureMessages":[],"meta":{}}],"startTime":1776494333988,"endTime":1776494334143.3806,"status":"passed","message":"","name":"E:/idea/ghatg/spring-boot-iot/spring-boot-iot-ui/src/__tests__/components/RiskInsightTrendPanel.test.ts"},{"assertionResults":[{"ancestorTitles":["RiskMonitoringDetailDrawer"],"fullName":"RiskMonitoringDetailDrawer keeps the monitoring detail drawer in Chinese without the legacy English eyebrow tier","status":"passed","title":"keeps the monitoring detail drawer in Chinese without the legacy English eyebrow tier","duration":82.48059999999987,"failureMessages":[],"meta":{}}],"startTime":1776494344411,"endTime":1776494344493.4807,"status":"passed","message":"","name":"E:/idea/ghatg/spring-boot-iot/spring-boot-iot-ui/src/__tests__/components/RiskMonitoringDetailDrawer.test.ts"},{"assertionResults":[{"ancestorTitles":["Role auth panels"],"fullName":"Role auth panels renders tree rows with type tag and child count but without stacked route text","status":"passed","title":"renders tree rows with type tag and child count but without stacked route text","duration":96.08019999999988,"failureMessages":[],"meta":{}},{"ancestorTitles":["Role auth panels"],"fullName":"Role auth panels renders current node direct children as a flat list and shows button metadata on page nodes","status":"passed","title":"renders current node direct children as a flat list and shows button metadata on page nodes","duration":11.511199999999917,"failureMessages":[],"meta":{}},{"ancestorTitles":["Role auth panels"],"fullName":"Role auth panels shows self-selected tree nodes as checked by default","status":"passed","title":"shows self-selected tree nodes as checked by default","duration":25.435299999999643,"failureMessages":[],"meta":{}},{"ancestorTitles":["Role auth panels"],"fullName":"Role auth panels shows self-selected detail items as checked by default even when descendants are partial","status":"passed","title":"shows self-selected detail items as checked by default even when descendants are partial","duration":9.489399999999932,"failureMessages":[],"meta":{}},{"ancestorTitles":["Role auth panels"],"fullName":"Role auth panels supports string menu ids from real environment responses","status":"passed","title":"supports string menu ids from real environment responses","duration":16.25779999999986,"failureMessages":[],"meta":{}},{"ancestorTitles":["Role auth panels"],"fullName":"Role auth panels emits toggle when clicking a tree checkbox","status":"passed","title":"emits toggle when clicking a tree checkbox","duration":15.550300000000334,"failureMessages":[],"meta":{}},{"ancestorTitles":["Role auth panels"],"fullName":"Role auth panels emits toggle when clicking a detail checkbox","status":"passed","title":"emits toggle when clicking a detail checkbox","duration":8.908199999999852,"failureMessages":[],"meta":{}}],"startTime":1776494338158,"endTime":1776494338340.9082,"status":"passed","message":"","name":"E:/idea/ghatg/spring-boot-iot/spring-boot-iot-ui/src/__tests__/components/RoleAuthPanels.test.ts"},{"assertionResults":[{"ancestorTitles":["ShellAccountDrawers"],"fullName":"ShellAccountDrawers uses one unified account center drawer plus password drawer in Chinese","status":"passed","title":"uses one unified account center drawer plus password drawer in Chinese","duration":78.84529999999995,"failureMessages":[],"meta":{}}],"startTime":1776494346188,"endTime":1776494346266.8452,"status":"passed","message":"","name":"E:/idea/ghatg/spring-boot-iot/spring-boot-iot-ui/src/__tests__/components/ShellAccountDrawers.test.ts"},{"assertionResults":[{"ancestorTitles":["ShellCommandPalette"],"fullName":"ShellCommandPalette emits close events from mask and close button","status":"passed","title":"emits close events from mask and close button","duration":48.2516999999998,"failureMessages":[],"meta":{}},{"ancestorTitles":["ShellCommandPalette"],"fullName":"ShellCommandPalette emits query updates and closes after selecting a recent item","status":"passed","title":"emits query updates and closes after selecting a recent item","duration":10.793299999999817,"failureMessages":[],"meta":{}},{"ancestorTitles":["ShellCommandPalette"],"fullName":"ShellCommandPalette renders group results, shows empty state, and clears query when the palette is closed externally","status":"passed","title":"renders group results, shows empty state, and clears query when the palette is closed externally","duration":18.728699999999662,"failureMessages":[],"meta":{}}],"startTime":1776494342482,"endTime":1776494342559.7288,"status":"passed","message":"","name":"E:/idea/ghatg/spring-boot-iot/spring-boot-iot-ui/src/__tests__/components/ShellCommandPalette.test.ts"},{"assertionResults":[{"ancestorTitles":["ShellHelpCenterDrawer"],"fullName":"ShellHelpCenterDrawer renders highlighted records and emits search, detail and navigate actions","status":"passed","title":"renders highlighted records and emits search, detail and navigate actions","duration":828.9072999999999,"failureMessages":[],"meta":{}},{"ancestorTitles":["ShellHelpCenterDrawer"],"fullName":"ShellHelpCenterDrawer renders error and empty states from the shared detail drawer contract","status":"passed","title":"renders error and empty states from the shared detail drawer contract","duration":13.178399999999783,"failureMessages":[],"meta":{}}],"startTime":1776494343832,"endTime":1776494344674.1785,"status":"passed","message":"","name":"E:/idea/ghatg/spring-boot-iot/spring-boot-iot-ui/src/__tests__/components/ShellHelpCenterDrawer.test.ts"},{"assertionResults":[{"ancestorTitles":["ShellHelpDetailDrawer"],"fullName":"ShellHelpDetailDrawer highlights keyword and emits navigate action","status":"passed","title":"highlights keyword and emits navigate action","duration":112.82859999999982,"failureMessages":[],"meta":{}}],"startTime":1776494348509,"endTime":1776494348621.8286,"status":"passed","message":"","name":"E:/idea/ghatg/spring-boot-iot/spring-boot-iot-ui/src/__tests__/components/ShellHelpDetailDrawer.test.ts"},{"assertionResults":[{"ancestorTitles":["ShellNoticeCenterDrawer"],"fullName":"ShellNoticeCenterDrawer renders list items and emits center actions","status":"passed","title":"renders list items and emits center actions","duration":787.1223,"failureMessages":[],"meta":{}}],"startTime":1776494345613,"endTime":1776494346400.1223,"status":"passed","message":"","name":"E:/idea/ghatg/spring-boot-iot/spring-boot-iot-ui/src/__tests__/components/ShellNoticeCenterDrawer.test.ts"},{"assertionResults":[{"ancestorTitles":["ShellNoticeDetailDrawer"],"fullName":"ShellNoticeDetailDrawer renders detail content and emits navigate and mark-read actions","status":"passed","title":"renders detail content and emits navigate and mark-read actions","duration":111.28280000000086,"failureMessages":[],"meta":{}},{"ancestorTitles":["ShellNoticeDetailDrawer"],"fullName":"ShellNoticeDetailDrawer renders the shared error state when detail loading fails","status":"passed","title":"renders the shared error state when detail loading fails","duration":5.810699999999997,"failureMessages":[],"meta":{}}],"startTime":1776494345539,"endTime":1776494345656.8108,"status":"passed","message":"","name":"E:/idea/ghatg/spring-boot-iot/spring-boot-iot-ui/src/__tests__/components/ShellNoticeDetailDrawer.test.ts"},{"assertionResults":[{"ancestorTitles":["ShellSidebarNav"],"fullName":"ShellSidebarNav marks the current route as active","status":"passed","title":"marks the current route as active","duration":75.98959999999988,"failureMessages":[],"meta":{}},{"ancestorTitles":["ShellSidebarNav"],"fullName":"ShellSidebarNav shows collapsed markers and enables tooltip text when the sidebar is collapsed","status":"passed","title":"shows collapsed markers and enables tooltip text when the sidebar is collapsed","duration":16.875699999999597,"failureMessages":[],"meta":{}},{"ancestorTitles":["ShellSidebarNav"],"fullName":"ShellSidebarNav sets aria-hidden when the mobile drawer is closed","status":"passed","title":"sets aria-hidden when the mobile drawer is closed","duration":7.932299999999486,"failureMessages":[],"meta":{}}],"startTime":1776494344403,"endTime":1776494344503.9324,"status":"passed","message":"","name":"E:/idea/ghatg/spring-boot-iot/spring-boot-iot-ui/src/__tests__/components/ShellSidebarNav.test.ts"},{"assertionResults":[{"ancestorTitles":["ShellWorkspaceTabs"],"fullName":"ShellWorkspaceTabs renders the active group description and active tab state","status":"passed","title":"renders the active group description and active tab state","duration":60.00200000000041,"failureMessages":[],"meta":{}},{"ancestorTitles":["ShellWorkspaceTabs"],"fullName":"ShellWorkspaceTabs emits switch-group with the selected group key","status":"passed","title":"emits switch-group with the selected group key","duration":11.298300000000381,"failureMessages":[],"meta":{}}],"startTime":1776494349085,"endTime":1776494349156.2983,"status":"passed","message":"","name":"E:/idea/ghatg/spring-boot-iot/spring-boot-iot-ui/src/__tests__/components/ShellWorkspaceTabs.test.ts"},{"assertionResults":[{"ancestorTitles":["StandardButton"],"fullName":"StandardButton maps query actions to the shared primary branch used by add buttons","status":"passed","title":"maps query actions to the shared primary branch used by add buttons","duration":41.97270000000026,"failureMessages":[],"meta":{}},{"ancestorTitles":["StandardButton"],"fullName":"StandardButton keeps reset and cancel actions in the shared secondary semantics","status":"passed","title":"keeps reset and cancel actions in the shared secondary semantics","duration":10.139599999998609,"failureMessages":[],"meta":{}},{"ancestorTitles":["StandardButton"],"fullName":"StandardButton maps delete and confirm actions to the orange primary branch","status":"passed","title":"maps delete and confirm actions to the orange primary branch","duration":8.787400000001071,"failureMessages":[],"meta":{}},{"ancestorTitles":["StandardButton"],"fullName":"StandardButton keeps link buttons in the shared orange text action branch","status":"passed","title":"keeps link buttons in the shared orange text action branch","duration":3.55409999999938,"failureMessages":[],"meta":{}},{"ancestorTitles":["StandardActionLink"],"fullName":"StandardActionLink keeps action links on the shared brand branch without forwarding type or tone attrs","status":"passed","title":"keeps action links on the shared brand branch without forwarding type or tone attrs","duration":4.8585000000002765,"failureMessages":[],"meta":{}},{"ancestorTitles":["StandardActionMenu"],"fullName":"StandardActionMenu renders shared menu items without a tone branch","status":"passed","title":"renders shared menu items without a tone branch","duration":12.064500000000407,"failureMessages":[],"meta":{}},{"ancestorTitles":["StandardActionMenu"],"fullName":"StandardActionMenu falls back to an empty disabled menu when items is temporarily undefined","status":"passed","title":"falls back to an empty disabled menu when items is temporarily undefined","duration":7.190599999999904,"failureMessages":[],"meta":{}}],"startTime":1776494334251,"endTime":1776494334340.1907,"status":"passed","message":"","name":"E:/idea/ghatg/spring-boot-iot/spring-boot-iot-ui/src/__tests__/components/StandardButton.test.ts"},{"assertionResults":[{"ancestorTitles":["StandardDetailDrawer"],"fullName":"StandardDetailDrawer keeps the header on title/subtitle only even if legacy eyebrow input is provided","status":"passed","title":"keeps the header on title/subtitle only even if legacy eyebrow input is provided","duration":43.34279999999944,"failureMessages":[],"meta":{}},{"ancestorTitles":["StandardDetailDrawer"],"fullName":"StandardDetailDrawer renders footer content only when a footer slot is provided","status":"passed","title":"renders footer content only when a footer slot is provided","duration":22.110499999999774,"failureMessages":[],"meta":{}},{"ancestorTitles":["StandardDetailDrawer"],"fullName":"StandardDetailDrawer supports hiding the whole masthead when a detail drawer should start directly from body content","status":"passed","title":"supports hiding the whole masthead when a detail drawer should start directly from body content","duration":12.054000000000087,"failureMessages":[],"meta":{}},{"ancestorTitles":["StandardDetailDrawer"],"fullName":"StandardDetailDrawer keeps the drawer footer empty when no footer slot exists","status":"passed","title":"keeps the drawer footer empty when no footer slot exists","duration":6.789200000000164,"failureMessages":[],"meta":{}},{"ancestorTitles":["StandardDetailDrawer"],"fullName":"StandardDetailDrawer renders header actions when a header-actions slot is provided","status":"passed","title":"renders header actions when a header-actions slot is provided","duration":7.678899999999885,"failureMessages":[],"meta":{}},{"ancestorTitles":["StandardDetailDrawer"],"fullName":"StandardDetailDrawer supports an inline title-row tag layout without wrapping status pills onto a second line","status":"passed","title":"supports an inline title-row tag layout without wrapping status pills onto a second line","duration":11.088299999999435,"failureMessages":[],"meta":{}}],"startTime":1776494341054,"endTime":1776494341157.0884,"status":"passed","message":"","name":"E:/idea/ghatg/spring-boot-iot/spring-boot-iot-ui/src/__tests__/components/StandardDetailDrawer.test.ts"},{"assertionResults":[{"ancestorTitles":["StandardFormDrawer"],"fullName":"StandardFormDrawer renders title, subtitle and slot content without the legacy eyebrow tier","status":"passed","title":"renders title, subtitle and slot content without the legacy eyebrow tier","duration":75.49040000000059,"failureMessages":[],"meta":{}},{"ancestorTitles":["StandardFormDrawer"],"fullName":"StandardFormDrawer emits close events when drawer requests close","status":"passed","title":"emits close events when drawer requests close","duration":11.389299999999821,"failureMessages":[],"meta":{}}],"startTime":1776494349074,"endTime":1776494349161.3894,"status":"passed","message":"","name":"E:/idea/ghatg/spring-boot-iot/spring-boot-iot-ui/src/__tests__/components/StandardFormDrawer.test.ts"},{"assertionResults":[{"ancestorTitles":["StandardListFilterHeader"],"fullName":"StandardListFilterHeader collapses primary filters after the fourth item by default and supports expand/collapse","status":"passed","title":"collapses primary filters after the fourth item by default and supports expand/collapse","duration":104.70659999999953,"failureMessages":[],"meta":{}},{"ancestorTitles":["StandardListFilterHeader"],"fullName":"StandardListFilterHeader keeps the toggle hidden when primary filters do not exceed four items","status":"passed","title":"keeps the toggle hidden when primary filters do not exceed four items","duration":9.277199999999539,"failureMessages":[],"meta":{}},{"ancestorTitles":["StandardListFilterHeader"],"fullName":"StandardListFilterHeader preserves the advanced toggle event contract when an advanced slot is present","status":"passed","title":"preserves the advanced toggle event contract when an advanced slot is present","duration":22.806000000000495,"failureMessages":[],"meta":{}},{"ancestorTitles":["StandardListFilterHeader"],"fullName":"StandardListFilterHeader marks the filter shell as the refined minimal header","status":"passed","title":"marks the filter shell as the refined minimal header","duration":6.885200000000623,"failureMessages":[],"meta":{}},{"ancestorTitles":["StandardListFilterHeader"],"fullName":"StandardListFilterHeader keeps the filter grid and actions row on shared spacing variables","status":"passed","title":"keeps the filter grid and actions row on shared spacing variables","duration":0.5601000000006024,"failureMessages":[],"meta":{}},{"ancestorTitles":["StandardListFilterHeader"],"fullName":"StandardListFilterHeader uses shared restrained copy tokens for helper text and toggles","status":"passed","title":"uses shared restrained copy tokens for helper text and toggles","duration":0.5519999999996799,"failureMessages":[],"meta":{}}],"startTime":1776494339761,"endTime":1776494339906.552,"status":"passed","message":"","name":"E:/idea/ghatg/spring-boot-iot/spring-boot-iot-ui/src/__tests__/components/StandardListFilterHeader.test.ts"},{"assertionResults":[{"ancestorTitles":["StandardPageShell"],"fullName":"StandardPageShell renders the eyebrow, title, description, and breadcrumb hierarchy","status":"passed","title":"renders the eyebrow, title, description, and breadcrumb hierarchy","duration":51.70380000000023,"failureMessages":[],"meta":{}},{"ancestorTitles":["StandardPageShell"],"fullName":"StandardPageShell binds the shell headline to the shared song-style hierarchy tokens","status":"passed","title":"binds the shell headline to the shared song-style hierarchy tokens","duration":1.0032000000001062,"failureMessages":[],"meta":{}}],"startTime":1776494346829,"endTime":1776494346882.0032,"status":"passed","message":"","name":"E:/idea/ghatg/spring-boot-iot/spring-boot-iot-ui/src/__tests__/components/StandardPageShell.test.ts"},{"assertionResults":[{"ancestorTitles":["StandardPagination"],"fullName":"StandardPagination passes normalized props to el-pagination","status":"passed","title":"passes normalized props to el-pagination","duration":70.05509999999958,"failureMessages":[],"meta":{}},{"ancestorTitles":["StandardPagination"],"fullName":"StandardPagination re-emits current page and page size change events","status":"passed","title":"re-emits current page and page size change events","duration":14.592999999999847,"failureMessages":[],"meta":{}}],"startTime":1776494347522,"endTime":1776494347606.593,"status":"passed","message":"","name":"E:/idea/ghatg/spring-boot-iot/spring-boot-iot-ui/src/__tests__/components/StandardPagination.test.ts"},{"assertionResults":[{"ancestorTitles":["StandardRowActions"],"fullName":"StandardRowActions left-aligns shared table action cells to keep the leading gutter consistent","status":"passed","title":"left-aligns shared table action cells to keep the leading gutter consistent","duration":160.12480000000005,"failureMessages":[],"meta":{}},{"ancestorTitles":["StandardRowActions"],"fullName":"StandardRowActions uses the table variant and wide gap class for three-action table rows","status":"passed","title":"uses the table variant and wide gap class for three-action table rows","duration":24.61329999999998,"failureMessages":[],"meta":{}},{"ancestorTitles":["StandardRowActions"],"fullName":"StandardRowActions uses the table variant as a full-width left-aligned action rail","status":"passed","title":"uses the table variant as a full-width left-aligned action rail","duration":26.884799999999814,"failureMessages":[],"meta":{}},{"ancestorTitles":["StandardRowActions"],"fullName":"StandardRowActions centers a single-action table rail when the shared distribution is center","status":"passed","title":"centers a single-action table rail when the shared distribution is center","duration":28.31670000000031,"failureMessages":[],"meta":{}},{"ancestorTitles":["StandardRowActions"],"fullName":"StandardRowActions adds the between-distribution class when table actions need equal spacing","status":"passed","title":"adds the between-distribution class when table actions need equal spacing","duration":3.2752000000000407,"failureMessages":[],"meta":{}},{"ancestorTitles":["StandardRowActions"],"fullName":"StandardRowActions resets Element Plus sibling button margins inside shared row actions","status":"passed","title":"resets Element Plus sibling button margins inside shared row actions","duration":33.76819999999998,"failureMessages":[],"meta":{}},{"ancestorTitles":["StandardRowActions"],"fullName":"StandardRowActions uses the card variant class for touch action rows","status":"passed","title":"uses the card variant class for touch action rows","duration":2.381199999999808,"failureMessages":[],"meta":{}},{"ancestorTitles":["StandardRowActions"],"fullName":"StandardRowActions uses the editor variant as a wrapping action row","status":"passed","title":"uses the editor variant as a wrapping action row","duration":2.4555999999997766,"failureMessages":[],"meta":{}}],"startTime":1776494338467,"endTime":1776494338749.4556,"status":"passed","message":"","name":"E:/idea/ghatg/spring-boot-iot/spring-boot-iot-ui/src/__tests__/components/StandardRowActions.test.ts"},{"assertionResults":[{"ancestorTitles":["StandardTableTextColumn"],"fullName":"StandardTableTextColumn passes column props without creating custom slots when none are provided","status":"passed","title":"passes column props without creating custom slots when none are provided","duration":62.69710000000032,"failureMessages":[],"meta":{}},{"ancestorTitles":["StandardTableTextColumn"],"fullName":"StandardTableTextColumn renders header and default slots through a stable slot object","status":"passed","title":"renders header and default slots through a stable slot object","duration":29.986499999999978,"failureMessages":[],"meta":{}}],"startTime":1776494345911,"endTime":1776494346003.9866,"status":"passed","message":"","name":"E:/idea/ghatg/spring-boot-iot/spring-boot-iot-ui/src/__tests__/components/StandardTableTextColumn.test.ts"},{"assertionResults":[{"ancestorTitles":["StandardTableToolbar"],"fullName":"StandardTableToolbar uses the refined toolbar shell and keeps meta items in the quiet-info rail","status":"passed","title":"uses the refined toolbar shell and keeps meta items in the quiet-info rail","duration":58.46419999999989,"failureMessages":[],"meta":{}},{"ancestorTitles":["StandardTableToolbar"],"fullName":"StandardTableToolbar binds toolbar meta typography to the shared quiet hierarchy tokens","status":"passed","title":"binds toolbar meta typography to the shared quiet hierarchy tokens","duration":0.9740999999999076,"failureMessages":[],"meta":{}}],"startTime":1776494347706,"endTime":1776494347764.974,"status":"passed","message":"","name":"E:/idea/ghatg/spring-boot-iot/spring-boot-iot-ui/src/__tests__/components/StandardTableToolbar.test.ts"},{"assertionResults":[{"ancestorTitles":["StandardWorkbenchPanel"],"fullName":"StandardWorkbenchPanel renders the console eyebrow above the workbench title","status":"passed","title":"renders the console eyebrow above the workbench title","duration":62.82330000000002,"failureMessages":[],"meta":{}},{"ancestorTitles":["StandardWorkbenchPanel"],"fullName":"StandardWorkbenchPanel uses shared workbench spacing tokens instead of page-private gaps","status":"passed","title":"uses shared workbench spacing tokens instead of page-private gaps","duration":1.0486000000000786,"failureMessages":[],"meta":{}},{"ancestorTitles":["StandardWorkbenchPanel"],"fullName":"StandardWorkbenchPanel binds heading typography to the shared song-style hierarchy tokens","status":"passed","title":"binds heading typography to the shared song-style hierarchy tokens","duration":0.9579999999996289,"failureMessages":[],"meta":{}}],"startTime":1776494348461,"endTime":1776494348525.958,"status":"passed","message":"","name":"E:/idea/ghatg/spring-boot-iot/spring-boot-iot-ui/src/__tests__/components/StandardWorkbenchPanel.test.ts"},{"assertionResults":[{"ancestorTitles":["StandardWorkbenchRowActions"],"fullName":"StandardWorkbenchRowActions uses the shared desktop table spacing baseline and forwards commands","status":"passed","title":"uses the shared desktop table spacing baseline and forwards commands","duration":75.9385000000002,"failureMessages":[],"meta":{}},{"ancestorTitles":["StandardWorkbenchRowActions"],"fullName":"StandardWorkbenchRowActions uses comfortable spacing for card rows by default","status":"passed","title":"uses comfortable spacing for card rows by default","duration":6.897899999999936,"failureMessages":[],"meta":{}},{"ancestorTitles":["StandardWorkbenchRowActions"],"fullName":"StandardWorkbenchRowActions respects an explicit gap override for non-table variants","status":"passed","title":"respects an explicit gap override for non-table variants","duration":4.308100000000195,"failureMessages":[],"meta":{}},{"ancestorTitles":["StandardWorkbenchRowActions"],"fullName":"StandardWorkbenchRowActions keeps table rows with two visible actions on start distribution","status":"passed","title":"keeps table rows with two visible actions on start distribution","duration":4.223599999999351,"failureMessages":[],"meta":{}},{"ancestorTitles":["StandardWorkbenchRowActions"],"fullName":"StandardWorkbenchRowActions keeps table rows with three visible actions on start distribution","status":"passed","title":"keeps table rows with three visible actions on start distribution","duration":4.028699999999844,"failureMessages":[],"meta":{}},{"ancestorTitles":["StandardWorkbenchRowActions"],"fullName":"StandardWorkbenchRowActions keeps single-action table rows on start distribution","status":"passed","title":"keeps single-action table rows on start distribution","duration":3.113800000000083,"failureMessages":[],"meta":{}},{"ancestorTitles":["StandardWorkbenchRowActions"],"fullName":"StandardWorkbenchRowActions ignores an explicit table gap override and keeps the shared desktop baseline","status":"passed","title":"ignores an explicit table gap override and keeps the shared desktop baseline","duration":3.752599999999802,"failureMessages":[],"meta":{}},{"ancestorTitles":["StandardWorkbenchRowActions"],"fullName":"StandardWorkbenchRowActions still forwards an explicit distribution override when one is provided","status":"passed","title":"still forwards an explicit distribution override when one is provided","duration":3.77809999999954,"failureMessages":[],"meta":{}},{"ancestorTitles":["StandardWorkbenchRowActions"],"fullName":"StandardWorkbenchRowActions hides the menu trigger when there are no menu items","status":"passed","title":"hides the menu trigger when there are no menu items","duration":3.7930999999998676,"failureMessages":[],"meta":{}},{"ancestorTitles":["StandardWorkbenchRowActions"],"fullName":"StandardWorkbenchRowActions keeps three direct actions visible and folds only overflow actions into the more menu","status":"passed","title":"keeps three direct actions visible and folds only overflow actions into the more menu","duration":4.772399999999834,"failureMessages":[],"meta":{}}],"startTime":1776494338174,"endTime":1776494338288.7725,"status":"passed","message":"","name":"E:/idea/ghatg/spring-boot-iot/spring-boot-iot-ui/src/__tests__/components/StandardWorkbenchRowActions.test.ts"},{"assertionResults":[{"ancestorTitles":["resolveAppScrollBehavior"],"fullName":"resolveAppScrollBehavior keeps current scroll position when only the same-route query changes","status":"passed","title":"keeps current scroll position when only the same-route query changes","duration":2.7925999999997657,"failureMessages":[],"meta":{}},{"ancestorTitles":["resolveAppScrollBehavior"],"fullName":"resolveAppScrollBehavior keeps browser savedPosition when available","status":"passed","title":"keeps browser savedPosition when available","duration":1.3786999999997533,"failureMessages":[],"meta":{}},{"ancestorTitles":["resolveAppScrollBehavior"],"fullName":"resolveAppScrollBehavior scrolls to the top for real page navigation","status":"passed","title":"scrolls to the top for real page navigation","duration":0.4238000000000284,"failureMessages":[],"meta":{}}],"startTime":1776494348498,"endTime":1776494348502.4238,"status":"passed","message":"","name":"E:/idea/ghatg/spring-boot-iot/spring-boot-iot-ui/src/__tests__/router/scrollBehavior.test.ts"},{"assertionResults":[{"ancestorTitles":["activity store helpers"],"fullName":"activity store helpers builds title from module and action when explicit title is missing","status":"passed","title":"builds title from module and action when explicit title is missing","duration":3.138500000000022,"failureMessages":[],"meta":{}},{"ancestorTitles":["activity store helpers"],"fullName":"activity store helpers keeps explicit title and path when provided","status":"passed","title":"keeps explicit title and path when provided","duration":0.5126000000000204,"failureMessages":[],"meta":{}}],"startTime":1776494348867,"endTime":1776494348870.5127,"status":"passed","message":"","name":"E:/idea/ghatg/spring-boot-iot/spring-boot-iot-ui/src/__tests__/stores/activity.test.ts"},{"assertionResults":[{"ancestorTitles":["resolveAdaptiveActionColumnWidth"],"fullName":"resolveAdaptiveActionColumnWidth keeps one lightweight action at the minimum compact width baseline","status":"passed","title":"keeps one lightweight action at the minimum compact width baseline","duration":1.708699999999908,"failureMessages":[],"meta":{}},{"ancestorTitles":["resolveAdaptiveActionColumnWidth"],"fullName":"resolveAdaptiveActionColumnWidth shrinks a two-action compact workbench column to the dual-action baseline","status":"passed","title":"shrinks a two-action compact workbench column to the dual-action baseline","duration":0.30510000000003856,"failureMessages":[],"meta":{}},{"ancestorTitles":["resolveAdaptiveActionColumnWidth"],"fullName":"resolveAdaptiveActionColumnWidth shrinks two short wide-gap actions below the old fixed 180px column","status":"passed","title":"shrinks two short wide-gap actions below the old fixed 180px column","duration":0.22000000000002728,"failureMessages":[],"meta":{}},{"ancestorTitles":["resolveAdaptiveActionColumnWidth"],"fullName":"resolveAdaptiveActionColumnWidth expands for three direct actions in wide mode","status":"passed","title":"expands for three direct actions in wide mode","duration":0.1973000000000411,"failureMessages":[],"meta":{}},{"ancestorTitles":["resolveAdaptiveActionColumnWidth"],"fullName":"resolveAdaptiveActionColumnWidth accounts for the more-actions trigger in adaptive mode","status":"passed","title":"accounts for the more-actions trigger in adaptive mode","duration":0.24669999999991887,"failureMessages":[],"meta":{}},{"ancestorTitles":["resolveAdaptiveActionColumnWidth"],"fullName":"resolveAdaptiveActionColumnWidth keeps three direct actions visible and folds only the fourth action into more","status":"passed","title":"keeps three direct actions visible and folds only the fourth action into more","duration":1.1012000000000626,"failureMessages":[],"meta":{}},{"ancestorTitles":["resolveAdaptiveActionColumnWidth"],"fullName":"resolveAdaptiveActionColumnWidth uses the shared three-action desktop baseline when overflow direct actions are folded into more","status":"passed","title":"uses the shared three-action desktop baseline when overflow direct actions are folded into more","duration":0.3494999999998072,"failureMessages":[],"meta":{}},{"ancestorTitles":["resolveAdaptiveActionColumnWidth"],"fullName":"resolveAdaptiveActionColumnWidth uses the shared single-action desktop width tier for one visible table action","status":"passed","title":"uses the shared single-action desktop width tier for one visible table action","duration":0.15850000000000364,"failureMessages":[],"meta":{}},{"ancestorTitles":["resolveAdaptiveActionColumnWidth"],"fullName":"resolveAdaptiveActionColumnWidth keeps short two-action desktop columns close to content width instead of the old 144px floor","status":"passed","title":"keeps short two-action desktop columns close to content width instead of the old 144px floor","duration":0.18170000000009168,"failureMessages":[],"meta":{}},{"ancestorTitles":["resolveAdaptiveActionColumnWidth"],"fullName":"resolveAdaptiveActionColumnWidth still allows longer two-action desktop columns to expand to the product-workbench width","status":"passed","title":"still allows longer two-action desktop columns to expand to the product-workbench width","duration":0.20880000000011023,"failureMessages":[],"meta":{}},{"ancestorTitles":["resolveAdaptiveActionColumnWidth"],"fullName":"resolveAdaptiveActionColumnWidth uses the shared detail-edit-more desktop width tier when overflow actions fold into more","status":"passed","title":"uses the shared detail-edit-more desktop width tier when overflow actions fold into more","duration":0.21319999999991524,"failureMessages":[],"meta":{}},{"ancestorTitles":["resolveAdaptiveActionColumnWidth"],"fullName":"resolveAdaptiveActionColumnWidth shrinks a current page of event-style two-action rows to the dual-action desktop width","status":"passed","title":"shrinks a current page of event-style two-action rows to the dual-action desktop width","duration":0.27480000000014115,"failureMessages":[],"meta":{}},{"ancestorTitles":["resolveAdaptiveActionColumnWidth"],"fullName":"resolveAdaptiveActionColumnWidth keeps the three-action desktop width when rows now render three direct actions without overflow","status":"passed","title":"keeps the three-action desktop width when rows now render three direct actions without overflow","duration":0.23730000000000473,"failureMessages":[],"meta":{}}],"startTime":1776494338295,"endTime":1776494338300.275,"status":"passed","message":"","name":"E:/idea/ghatg/spring-boot-iot/spring-boot-iot-ui/src/__tests__/utils/adaptiveActionColumn.test.ts"},{"assertionResults":[{"ancestorTitles":["alarmLevel utils"],"fullName":"alarmLevel utils normalizes legacy values into four-color alarm levels","status":"passed","title":"normalizes legacy values into four-color alarm levels","duration":2.714100000000144,"failureMessages":[],"meta":{}},{"ancestorTitles":["alarmLevel utils"],"fullName":"alarmLevel utils renders four-color labels and compatible tag types","status":"passed","title":"renders four-color labels and compatible tag types","duration":0.933100000000195,"failureMessages":[],"meta":{}}],"startTime":1776494348898,"endTime":1776494348901.933,"status":"passed","message":"","name":"E:/idea/ghatg/spring-boot-iot/spring-boot-iot-ui/src/__tests__/utils/alarmLevel.test.ts"},{"assertionResults":[{"ancestorTitles":["automationPlan utils"],"fullName":"automationPlan utils creates a default plan with runnable baseline scenarios","status":"passed","title":"creates a default plan with runnable baseline scenarios","duration":3.7087000000001353,"failureMessages":[],"meta":{}},{"ancestorTitles":["automationPlan utils"],"fullName":"automationPlan utils normalizes imported plan and fills default fields","status":"passed","title":"normalizes imported plan and fills default fields","duration":1.3952999999996791,"failureMessages":[],"meta":{}},{"ancestorTitles":["automationPlan utils"],"fullName":"automationPlan utils builds scenario previews for metrics panel","status":"passed","title":"builds scenario previews for metrics panel","duration":0.6141999999999825,"failureMessages":[],"meta":{}},{"ancestorTitles":["automationPlan utils"],"fullName":"automationPlan utils treats screenshot assertions as assertion coverage","status":"passed","title":"treats screenshot assertions as assertion coverage","duration":0.4130000000000109,"failureMessages":[],"meta":{}},{"ancestorTitles":["automationPlan utils"],"fullName":"automationPlan utils warns when a plan misses auth and assertions","status":"passed","title":"warns when a plan misses auth and assertions","duration":1.1734000000001288,"failureMessages":[],"meta":{}},{"ancestorTitles":["automationPlan utils"],"fullName":"automationPlan utils duplicates a scenario and renews step ids","status":"passed","title":"duplicates a scenario and renews step ids","duration":1.2928999999999178,"failureMessages":[],"meta":{}},{"ancestorTitles":["automationPlan utils"],"fullName":"automationPlan utils builds page inventory from menus and manual items","status":"passed","title":"builds page inventory from menus and manual items","duration":14.94760000000042,"failureMessages":[],"meta":{}},{"ancestorTitles":["automationPlan utils"],"fullName":"automationPlan utils creates safe smoke scaffolds from discovered pages","status":"passed","title":"creates safe smoke scaffolds from discovered pages","duration":0.6793999999999869,"failureMessages":[],"meta":{}},{"ancestorTitles":["automationPlan utils"],"fullName":"automationPlan utils calculates page coverage against current plan","status":"passed","title":"calculates page coverage against current plan","duration":0.8961999999996806,"failureMessages":[],"meta":{}}],"startTime":1776494338081,"endTime":1776494338105.8962,"status":"passed","message":"","name":"E:/idea/ghatg/spring-boot-iot/spring-boot-iot-ui/src/__tests__/utils/automationPlan.test.ts"},{"assertionResults":[{"ancestorTitles":["automationRegistry utils"],"fullName":"automationRegistry utils builds summary counts from registry scenarios","status":"passed","title":"builds summary counts from registry scenarios","duration":1.5477000000000771,"failureMessages":[],"meta":{}},{"ancestorTitles":["automationRegistry utils"],"fullName":"automationRegistry utils parses imported registry run results and exposes failed scenario ids","status":"passed","title":"parses imported registry run results and exposes failed scenario ids","duration":1.043999999999869,"failureMessages":[],"meta":{}}],"startTime":1776494348262,"endTime":1776494348265.044,"status":"passed","message":"","name":"E:/idea/ghatg/spring-boot-iot/spring-boot-iot-ui/src/__tests__/utils/automationRegistry.test.ts"},{"assertionResults":[{"ancestorTitles":["CacheManager"],"fullName":"CacheManager should set and get data","status":"passed","title":"should set and get data","duration":2.1309000000001106,"failureMessages":[],"meta":{}},{"ancestorTitles":["CacheManager"],"fullName":"CacheManager should return null for expired data","status":"passed","title":"should return null for expired data","duration":163.19259999999986,"failureMessages":[],"meta":{}},{"ancestorTitles":["CacheManager"],"fullName":"CacheManager should clear specific key","status":"passed","title":"should clear specific key","duration":0.3868999999999687,"failureMessages":[],"meta":{}},{"ancestorTitles":["CacheManager"],"fullName":"CacheManager should clear all data","status":"passed","title":"should clear all data","duration":0.2705000000000837,"failureMessages":[],"meta":{}},{"ancestorTitles":["CacheManager"],"fullName":"CacheManager should check if key exists","status":"passed","title":"should check if key exists","duration":0.6565000000000509,"failureMessages":[],"meta":{}},{"ancestorTitles":["CacheManager"],"fullName":"CacheManager should return correct size","status":"passed","title":"should return correct size","duration":0.42709999999988213,"failureMessages":[],"meta":{}},{"ancestorTitles":["CacheManager"],"fullName":"CacheManager should use default TTL","status":"passed","title":"should use default TTL","duration":153.9024999999997,"failureMessages":[],"meta":{}}],"startTime":1776494344958,"endTime":1776494345279.9026,"status":"passed","message":"","name":"E:/idea/ghatg/spring-boot-iot/spring-boot-iot-ui/src/__tests__/utils/cache.test.ts"},{"assertionResults":[{"ancestorTitles":["deviceInsight utils"],"fullName":"deviceInsight utils prefers latest report time when selecting a primary binding","status":"passed","title":"prefers latest report time when selecting a primary binding","duration":1.8587999999999738,"failureMessages":[],"meta":{}},{"ancestorTitles":["deviceInsight utils"],"fullName":"deviceInsight utils prefers online bindings when report time is tied","status":"passed","title":"prefers online bindings when report time is tied","duration":0.4685000000004038,"failureMessages":[],"meta":{}},{"ancestorTitles":["deviceInsight utils"],"fullName":"deviceInsight utils prefers higher risk level when report time and online status are tied","status":"passed","title":"prefers higher risk level when report time and online status are tied","duration":0.39449999999987995,"failureMessages":[],"meta":{}},{"ancestorTitles":["deviceInsight utils"],"fullName":"deviceInsight utils classifies warning devices by metric or product keywords","status":"passed","title":"classifies warning devices by metric or product keywords","duration":0.4760999999998603,"failureMessages":[],"meta":{}},{"ancestorTitles":["deviceInsight utils"],"fullName":"deviceInsight utils classifies collection devices by rainfall and water level keywords","status":"passed","title":"classifies collection devices by rainfall and water level keywords","duration":0.4218999999998232,"failureMessages":[],"meta":{}},{"ancestorTitles":["deviceInsight utils"],"fullName":"deviceInsight utils uses customer-facing monitoring label for detect devices","status":"passed","title":"uses customer-facing monitoring label for detect devices","duration":0.3137000000001535,"failureMessages":[],"meta":{}}],"startTime":1776494344808,"endTime":1776494344812.3137,"status":"passed","message":"","name":"E:/idea/ghatg/spring-boot-iot/spring-boot-iot-ui/src/__tests__/utils/deviceInsight.test.ts"},{"assertionResults":[{"ancestorTitles":["deviceInsightCapability"],"fullName":"deviceInsightCapability matches muddy-water sample device with chinese metrics only","status":"passed","title":"matches muddy-water sample device with chinese metrics only","duration":5.078899999999976,"failureMessages":[],"meta":{}},{"ancestorTitles":["deviceInsightCapability"],"fullName":"deviceInsightCapability builds telemetry batch request with default one-day range and zero fill","status":"passed","title":"builds telemetry batch request with default one-day range and zero fill","duration":1.085700000000088,"failureMessages":[],"meta":{}},{"ancestorTitles":["deviceInsightCapability"],"fullName":"deviceInsightCapability preserves snowflake device ids instead of coercing them to unsafe numbers","status":"passed","title":"preserves snowflake device ids instead of coercing them to unsafe numbers","duration":0.7754999999997381,"failureMessages":[],"meta":{}},{"ancestorTitles":["deviceInsightCapability"],"fullName":"deviceInsightCapability keeps object insight ranges focused on day week month and year","status":"passed","title":"keeps object insight ranges focused on day week month and year","duration":0.42010000000027503,"failureMessages":[],"meta":{}},{"ancestorTitles":["deviceInsightCapability"],"fullName":"deviceInsightCapability prioritizes multidimensional device snapshot metrics with fixed chinese names","status":"passed","title":"prioritizes multidimensional device snapshot metrics with fixed chinese names","duration":1.9272000000000844,"failureMessages":[],"meta":{}},{"ancestorTitles":["deviceInsightCapability"],"fullName":"deviceInsightCapability builds collect-device snapshot metrics without auto-filling trend groups","status":"passed","title":"builds collect-device snapshot metrics without auto-filling trend groups","duration":1.6343000000001666,"failureMessages":[],"meta":{}},{"ancestorTitles":["deviceInsightCapability"],"fullName":"deviceInsightCapability builds warning-device profile with warning-centric metrics and dynamic status extensions","status":"passed","title":"builds warning-device profile with warning-centric metrics and dynamic status extensions","duration":0.7745999999997366,"failureMessages":[],"meta":{}},{"ancestorTitles":["deviceInsightCapability"],"fullName":"deviceInsightCapability merges metadataJson custom metrics and analysis templates into the capability profile","status":"passed","title":"merges metadataJson custom metrics and analysis templates into the capability profile","duration":1.232600000000275,"failureMessages":[],"meta":{}},{"ancestorTitles":["deviceInsightCapability"],"fullName":"deviceInsightCapability does not rewrite short configured identifiers to full-path runtime identifiers","status":"passed","title":"does not rewrite short configured identifiers to full-path runtime identifiers","duration":0.5501000000003842,"failureMessages":[],"meta":{}},{"ancestorTitles":["deviceInsightCapability"],"fullName":"deviceInsightCapability prefers device metadata over product metadata while preserving product-level fallback metrics","status":"passed","title":"prefers device metadata over product metadata while preserving product-level fallback metrics","duration":0.717200000000048,"failureMessages":[],"meta":{}},{"ancestorTitles":["deviceInsightCapability"],"fullName":"deviceInsightCapability prioritizes enabled product-level focus metrics and excludes disabled ones from trend preview","status":"passed","title":"prioritizes enabled product-level focus metrics and excludes disabled ones from trend preview","duration":0.9335999999998421,"failureMessages":[],"meta":{}},{"ancestorTitles":["deviceInsightCapability"],"fullName":"deviceInsightCapability aligns metadata custom metric identifiers to runtime property casing before building history identifiers","status":"passed","title":"aligns metadata custom metric identifiers to runtime property casing before building history identifiers","duration":14.821700000000419,"failureMessages":[],"meta":{}},{"ancestorTitles":["deviceInsightCapability"],"fullName":"deviceInsightCapability keeps short configured runtime custom metrics unchanged when the latest property uses a full-path identifier","status":"passed","title":"keeps short configured runtime custom metrics unchanged when the latest property uses a full-path identifier","duration":0.47449999999935244,"failureMessages":[],"meta":{}}],"startTime":1776494321620,"endTime":1776494321650.4746,"status":"passed","message":"","name":"E:/idea/ghatg/spring-boot-iot/spring-boot-iot-ui/src/__tests__/utils/deviceInsightCapability.test.ts"},{"assertionResults":[{"ancestorTitles":["deviceWorkbenchState"],"fullName":"deviceWorkbenchState prefers id for row key and falls back to deviceCode","status":"passed","title":"prefers id for row key and falls back to deviceCode","duration":1.51299999999992,"failureMessages":[],"meta":{}},{"ancestorTitles":["deviceWorkbenchState"],"fullName":"deviceWorkbenchState matches device filters by id, keywords and statuses","status":"passed","title":"matches device filters by id, keywords and statuses","duration":0.30900000000019645,"failureMessages":[],"meta":{}},{"ancestorTitles":["deviceWorkbenchState"],"fullName":"deviceWorkbenchState builds, clones and validates device page cache entries","status":"passed","title":"builds, clones and validates device p
[...]
roval comment after loading approval detail","status":"passed","title":"shows rejected approval comment after loading approval detail","duration":63.00300000000061,"failureMessages":[],"meta":{}},{"ancestorTitles":["ProductModelDesignerWorkspace"],"fullName":"ProductModelDesignerWorkspace renames formal fields inline and persists the updated chinese model name","status":"passed","title":"renames formal fields inline and persists the updated chinese model name","duration":31.938300000001618,"failureMessages":[],"meta":{}},{"ancestorTitles":["ProductModelDesignerWorkspace"],"fullName":"ProductModelDesignerWorkspace saves formal property unit together with renamed display name","status":"passed","title":"saves formal property unit together with renamed display name","duration":45.45560000000114,"failureMessages":[],"meta":{}},{"ancestorTitles":["ProductModelDesignerWorkspace"],"fullName":"ProductModelDesignerWorkspace sends specsJson as null when clearing the formal property unit","status":"passed","title":"sends specsJson as null when clearing the formal property unit","duration":31.3762999999999,"failureMessages":[],"meta":{}},{"ancestorTitles":["ProductModelDesignerWorkspace"],"fullName":"ProductModelDesignerWorkspace syncs renamed formal field names into existing object-insight trend config","status":"passed","title":"syncs renamed formal field names into existing object-insight trend config","duration":30.09049999999843,"failureMessages":[],"meta":{}},{"ancestorTitles":["ProductModelDesignerWorkspace"],"fullName":"ProductModelDesignerWorkspace does not add a second toast when handled object-insight sync errors happen after rename save","status":"passed","title":"does not add a second toast when handled object-insight sync errors happen after rename save","duration":31.39600000000064,"failureMessages":[],"meta":{}},{"ancestorTitles":["ProductModelDesignerWorkspace"],"fullName":"ProductModelDesignerWorkspace resubmits the rejected apply approval order through the product governance endpoint","status":"passed","title":"resubmits the rejected apply approval order through the product governance endpoint","duration":95.50720000000001,"failureMessages":[],"meta":{}},{"ancestorTitles":["ProductModelDesignerWorkspace"],"fullName":"ProductModelDesignerWorkspace clears rejected approval receipt so the user can create a new approval order","status":"passed","title":"clears rejected approval receipt so the user can create a new approval order","duration":101.20200000000114,"failureMessages":[],"meta":{}},{"ancestorTitles":["ProductModelDesignerWorkspace"],"fullName":"ProductModelDesignerWorkspace keeps core contract sections while removing redundant workflow and history shell copy","status":"passed","title":"keeps core contract sections while removing redundant workflow and history shell copy","duration":12.632799999999406,"failureMessages":[],"meta":{}},{"ancestorTitles":["ProductModelDesignerWorkspace"],"fullName":"ProductModelDesignerWorkspace submits apply without rendering a manual governance approver input","status":"passed","title":"submits apply without rendering a manual governance approver input","duration":54.55589999999938,"failureMessages":[],"meta":{}},{"ancestorTitles":["ProductModelDesignerWorkspace"],"fullName":"ProductModelDesignerWorkspace sends rollback request without a manual governance approver id","status":"passed","title":"sends rollback request without a manual governance approver id","duration":26.877000000000407,"failureMessages":[],"meta":{}},{"ancestorTitles":["ProductModelDesignerWorkspace"],"fullName":"ProductModelDesignerWorkspace loads rollback preview from the latest release batch impact","status":"passed","title":"loads rollback preview from the latest release batch impact","duration":16.2512999999999,"failureMessages":[],"meta":{}},{"ancestorTitles":["ProductModelDesignerWorkspace"],"fullName":"ProductModelDesignerWorkspace renders object-level dependency detail groups in rollback preview","status":"passed","title":"renders object-level dependency detail groups in rollback preview","duration":8.899300000000949,"failureMessages":[],"meta":{}},{"ancestorTitles":["ProductModelDesignerWorkspace"],"fullName":"ProductModelDesignerWorkspace disables confirm apply after a successful activation to prevent duplicate submissions","status":"passed","title":"disables confirm apply after a successful activation to prevent duplicate submissions","duration":47.68369999999777,"failureMessages":[],"meta":{}},{"ancestorTitles":["ProductModelDesignerWorkspace"],"fullName":"ProductModelDesignerWorkspace keeps the workspace visible when apply fails instead of switching to the load failure notice","status":"passed","title":"keeps the workspace visible when apply fails instead of switching to the load failure notice","duration":45.22609999999986,"failureMessages":[],"meta":{}}],"startTime":1776494334543,"endTime":1776494336123.226,"status":"passed","message":"","name":"E:/idea/ghatg/spring-boot-iot/spring-boot-iot-ui/src/__tests__/components/product/ProductModelDesignerWorkspace.test.ts"},{"assertionResults":[{"ancestorTitles":["ProductModelGovernanceCompareTable"],"fullName":"ProductModelGovernanceCompareTable groups rows by simple customer decisions and renders compact result cards","status":"passed","title":"groups rows by simple customer decisions and renders compact result cards","duration":50.940000000000055,"failureMessages":[],"meta":{}},{"ancestorTitles":["ProductModelGovernanceCompareTable"],"fullName":"ProductModelGovernanceCompareTable emits explicit governance decisions for compare rows","status":"passed","title":"emits explicit governance decisions for compare rows","duration":7.01299999999992,"failureMessages":[],"meta":{}},{"ancestorTitles":["ProductModelGovernanceCompareTable"],"fullName":"ProductModelGovernanceCompareTable renders short source labels instead of the old evidence headings","status":"passed","title":"renders short source labels instead of the old evidence headings","duration":3.7998999999999796,"failureMessages":[],"meta":{}},{"ancestorTitles":["ProductModelGovernanceCompareTable"],"fullName":"ProductModelGovernanceCompareTable renders short parent-child source chips when protocol template evidence is present","status":"passed","title":"renders short parent-child source chips when protocol template evidence is present","duration":3.894700000000057,"failureMessages":[],"meta":{}},{"ancestorTitles":["ProductModelGovernanceCompareTable"],"fullName":"ProductModelGovernanceCompareTable keeps source chips simple when protocol template evidence is absent","status":"passed","title":"keeps source chips simple when protocol template evidence is absent","duration":4.120100000000093,"failureMessages":[],"meta":{}}],"startTime":1776494322959,"endTime":1776494323029.12,"status":"passed","message":"","name":"E:/idea/ghatg/spring-boot-iot/spring-boot-iot-ui/src/__tests__/components/product/ProductModelGovernanceCompareTable.test.ts"},{"assertionResults":[{"ancestorTitles":["ProductObjectInsightConfigEditor"],"fullName":"ProductObjectInsightConfigEditor adds and removes custom metric rows through v-model updates","status":"passed","title":"adds and removes custom metric rows through v-model updates","duration":106.70839999999998,"failureMessages":[],"meta":{}},{"ancestorTitles":["ProductObjectInsightConfigEditor"],"fullName":"ProductObjectInsightConfigEditor quick-adds formal property models as trend focus metrics","status":"passed","title":"quick-adds formal property models as trend focus metrics","duration":9.832099999999627,"failureMessages":[],"meta":{}},{"ancestorTitles":["ProductObjectInsightConfigEditor"],"fullName":"ProductObjectInsightConfigEditor shows three aligned object-insight groups for formal property models","status":"passed","title":"shows three aligned object-insight groups for formal property models","duration":8.026800000000094,"failureMessages":[],"meta":{}}],"startTime":1776494338165,"endTime":1776494338289.0269,"status":"passed","message":"","name":"E:/idea/ghatg/spring-boot-iot/spring-boot-iot-ui/src/__tests__/components/product/ProductObjectInsightConfigEditor.test.ts"},{"assertionResults":[{"ancestorTitles":["ProductVendorMappingRuleLedgerPanel"],"fullName":"ProductVendorMappingRuleLedgerPanel renders published snapshot state and publish action for a draft mapping rule","status":"passed","title":"renders published snapshot state and publish action for a draft mapping rule","duration":73.97520000000077,"failureMessages":[],"meta":{}},{"ancestorTitles":["ProductVendorMappingRuleLedgerPanel"],"fullName":"ProductVendorMappingRuleLedgerPanel previews hit result and submits publish approval from the ledger row","status":"passed","title":"previews hit result and submits publish approval from the ledger row","duration":43.86039999999957,"failureMessages":[],"meta":{}},{"ancestorTitles":["ProductVendorMappingRuleLedgerPanel"],"fullName":"ProductVendorMappingRuleLedgerPanel supports selecting multiple rows and submitting batch status update with summary","status":"passed","title":"supports selecting multiple rows and submitting batch status update with summary","duration":39.34599999999955,"failureMessages":[],"meta":{}},{"ancestorTitles":["ProductVendorMappingRuleLedgerPanel"],"fullName":"ProductVendorMappingRuleLedgerPanel clears batch status summary when switching to another valid product","status":"passed","title":"clears batch status summary when switching to another valid product","duration":39.80689999999959,"failureMessages":[],"meta":{}},{"ancestorTitles":["ProductVendorMappingRuleLedgerPanel"],"fullName":"ProductVendorMappingRuleLedgerPanel runs replay and renders hit source, scope, canonical identifier and sample value","status":"passed","title":"runs replay and renders hit source, scope, canonical identifier and sample value","duration":31.218399999999747,"failureMessages":[],"meta":{}}],"startTime":1776494333951,"endTime":1776494334179.2185,"status":"passed","message":"","name":"E:/idea/ghatg/spring-boot-iot/spring-boot-iot-ui/src/__tests__/components/product/ProductVendorMappingRuleLedgerPanel.test.ts"},{"assertionResults":[{"ancestorTitles":["ProductVendorMappingSuggestionPanel"],"fullName":"ProductVendorMappingSuggestionPanel loads with the default filters and re-requests when covered, refreshToken, and productId change","status":"passed","title":"loads with the default filters and re-requests when covered, refreshToken, and productId change","duration":50.196500000000015,"failureMessages":[],"meta":{}},{"ancestorTitles":["ProductVendorMappingSuggestionPanel"],"fullName":"ProductVendorMappingSuggestionPanel creates a PRODUCT plus DRAFT rule from READY_TO_CREATE and emits accepted","status":"passed","title":"creates a PRODUCT plus DRAFT rule from READY_TO_CREATE and emits accepted","duration":16.3083000000006,"failureMessages":[],"meta":{}},{"ancestorTitles":["ProductVendorMappingSuggestionPanel"],"fullName":"ProductVendorMappingSuggestionPanel requires confirmation before creating a LOW_CONFIDENCE suggestion","status":"passed","title":"requires confirmation before creating a LOW_CONFIDENCE suggestion","duration":10.679200000000492,"failureMessages":[],"meta":{}},{"ancestorTitles":["ProductVendorMappingSuggestionPanel"],"fullName":"ProductVendorMappingSuggestionPanel does not render an accept action for CONFLICTS_WITH_EXISTING suggestions","status":"passed","title":"does not render an accept action for CONFLICTS_WITH_EXISTING suggestions","duration":9.548399999999674,"failureMessages":[],"meta":{}},{"ancestorTitles":["ProductVendorMappingSuggestionPanel"],"fullName":"ProductVendorMappingSuggestionPanel does not show a duplicate error toast for handled request errors","status":"passed","title":"does not show a duplicate error toast for handled request errors","duration":6.851199999999153,"failureMessages":[],"meta":{}},{"ancestorTitles":["ProductVendorMappingSuggestionPanel"],"fullName":"ProductVendorMappingSuggestionPanel renders inline load errors and retries without stale-row collisions for duplicate raw identifiers","status":"passed","title":"renders inline load errors and retries without stale-row collisions for duplicate raw identifiers","duration":39.03719999999885,"failureMessages":[],"meta":{}}],"startTime":1776494333930,"endTime":1776494334063.037,"status":"passed","message":"","name":"E:/idea/ghatg/spring-boot-iot/spring-boot-iot-ui/src/__tests__/components/product/ProductVendorMappingSuggestionPanel.test.ts"},{"assertionResults":[{"ancestorTitles":["RiskPointBindingMaintenanceDrawer"],"fullName":"RiskPointBindingMaintenanceDrawer renders grouped bindings and shows source badges","status":"passed","title":"renders grouped bindings and shows source badges","duration":77.76729999999952,"failureMessages":[],"meta":{}},{"ancestorTitles":["RiskPointBindingMaintenanceDrawer"],"fullName":"RiskPointBindingMaintenanceDrawer renders the maintenance content without an outer drawer wrapper when embedded mode is enabled","status":"passed","title":"renders the maintenance content without an outer drawer wrapper when embedded mode is enabled","duration":23.365499999999884,"failureMessages":[],"meta":{}},{"ancestorTitles":["RiskPointBindingMaintenanceDrawer"],"fullName":"RiskPointBindingMaintenanceDrawer adds a formal metric binding through the drawer add form","status":"passed","title":"adds a formal metric binding through the drawer add form","duration":39.015800000001036,"failureMessages":[],"meta":{}},{"ancestorTitles":["RiskPointBindingMaintenanceDrawer"],"fullName":"RiskPointBindingMaintenanceDrawer switches warning devices to device-only binding and skips the metric picker","status":"passed","title":"switches warning devices to device-only binding and skips the metric picker","duration":22.93670000000202,"failureMessages":[],"meta":{}},{"ancestorTitles":["RiskPointBindingMaintenanceDrawer"],"fullName":"RiskPointBindingMaintenanceDrawer shows the AI-event reserved hint for video devices and submits device-only binding","status":"passed","title":"shows the AI-event reserved hint for video devices and submits device-only binding","duration":33.43079999999827,"failureMessages":[],"meta":{}},{"ancestorTitles":["RiskPointBindingMaintenanceDrawer"],"fullName":"RiskPointBindingMaintenanceDrawer loads formal metric options from the risk-point API and keeps only published metrics","status":"passed","title":"loads formal metric options from the risk-point API and keeps only published metrics","duration":18.205699999998615,"failureMessages":[],"meta":{}},{"ancestorTitles":["RiskPointBindingMaintenanceDrawer"],"fullName":"RiskPointBindingMaintenanceDrawer marks the add-device selector as filterable for device-code lookup","status":"passed","title":"marks the add-device selector as filterable for device-code lookup","duration":9.283100000000559,"failureMessages":[],"meta":{}},{"ancestorTitles":["RiskPointBindingMaintenanceDrawer"],"fullName":"RiskPointBindingMaintenanceDrawer shows an explicit empty hint when the selected device has no formal catalog metrics","status":"passed","title":"shows an explicit empty hint when the selected device has no formal catalog metrics","duration":24.110899999999674,"failureMessages":[],"meta":{}},{"ancestorTitles":["RiskPointBindingMaintenanceDrawer"],"fullName":"RiskPointBindingMaintenanceDrawer keeps unsafe long ids as strings when loading metrics and submitting bindings","status":"passed","title":"keeps unsafe long ids as strings when loading metrics and submitting bindings","duration":24.971800000002986,"failureMessages":[],"meta":{}},{"ancestorTitles":["RiskPointBindingMaintenanceDrawer"],"fullName":"RiskPointBindingMaintenanceDrawer filters already bound metrics out of the add-metric selector for the same device","status":"passed","title":"filters already bound metrics out of the add-metric selector for the same device","duration":22.493800000000192,"failureMessages":[],"meta":{}},{"ancestorTitles":["RiskPointBindingMaintenanceDrawer"],"fullName":"RiskPointBindingMaintenanceDrawer whole-device unbind stays on the dedicated unbind API","status":"passed","title":"whole-device unbind stays on the dedicated unbind API","duration":14.057199999999284,"failureMessages":[],"meta":{}},{"ancestorTitles":["RiskPointBindingMaintenanceDrawer"],"fullName":"RiskPointBindingMaintenanceDrawer removes a single binding without calling whole-device unbind","status":"passed","title":"removes a single binding without calling whole-device unbind","duration":16.10399999999936,"failureMessages":[],"meta":{}},{"ancestorTitles":["RiskPointBindingMaintenanceDrawer"],"fullName":"RiskPointBindingMaintenanceDrawer replaces a metric binding with the selected target metric","status":"passed","title":"replaces a metric binding with the selected target metric","duration":24.300999999999476,"failureMessages":[],"meta":{}},{"ancestorTitles":["RiskPointBindingMaintenanceDrawer"],"fullName":"RiskPointBindingMaintenanceDrawer filters the current and already bound metrics out of replace choices","status":"passed","title":"filters the current and already bound metrics out of replace choices","duration":13.522099999998318,"failureMessages":[],"meta":{}},{"ancestorTitles":["RiskPointBindingMaintenanceDrawer"],"fullName":"RiskPointBindingMaintenanceDrawer ignores stale drawer loads when the risk point changes before the first request resolves","status":"passed","title":"ignores stale drawer loads when the risk point changes before the first request resolves","duration":24.737199999999575,"failureMessages":[],"meta":{}},{"ancestorTitles":["RiskPointBindingMaintenanceDrawer"],"fullName":"RiskPointBindingMaintenanceDrawer keeps the latest add-device metric options when device selection changes quickly","status":"passed","title":"keeps the latest add-device metric options when device selection changes quickly","duration":21.433899999999994,"failureMessages":[],"meta":{}},{"ancestorTitles":["RiskPointBindingMaintenanceDrawer"],"fullName":"RiskPointBindingMaintenanceDrawer re-filters add-metric options after binding groups finish loading late","status":"passed","title":"re-filters add-metric options after binding groups finish loading late","duration":27.803099999997357,"failureMessages":[],"meta":{}},{"ancestorTitles":["RiskPointBindingMaintenanceDrawer"],"fullName":"RiskPointBindingMaintenanceDrawer emits close only once when the drawer close sequence fires both events","status":"passed","title":"emits close only once when the drawer close sequence fires both events","duration":7.445800000001327,"failureMessages":[],"meta":{}}],"startTime":1776494334332,"endTime":1776494334777.4458,"status":"passed","message":"","name":"E:/idea/ghatg/spring-boot-iot/spring-boot-iot-ui/src/__tests__/components/riskPoint/RiskPointBindingMaintenanceDrawer.test.ts"},{"assertionResults":[{"ancestorTitles":["RiskPointDetailDrawer"],"fullName":"RiskPointDetailDrawer renders initial summary immediately and refreshes with latest detail plus binding groups","status":"passed","title":"renders initial summary immediately and refreshes with latest detail plus binding groups","duration":71.4401999999991,"failureMessages":[],"meta":{}},{"ancestorTitles":["RiskPointDetailDrawer"],"fullName":"RiskPointDetailDrawer ignores stale async responses when the risk point switches quickly","status":"passed","title":"ignores stale async responses when the risk point switches quickly","duration":13.406199999999444,"failureMessages":[],"meta":{}},{"ancestorTitles":["RiskPointDetailDrawer"],"fullName":"RiskPointDetailDrawer emits edit and binding-workbench actions from the footer","status":"passed","title":"emits edit and binding-workbench actions from the footer","duration":30.72559999999976,"failureMessages":[],"meta":{}}],"startTime":1776494334399,"endTime":1776494334514.7256,"status":"passed","message":"","name":"E:/idea/ghatg/spring-boot-iot/spring-boot-iot-ui/src/__tests__/components/riskPoint/RiskPointDetailDrawer.test.ts"}]}